Arguments: 
  /snap/node/5638/bin/node /snap/node/5638/bin/yarn.js global dir

PATH: 
  /home/viktor/Documents/git-hab/to-do-slabak/AwesomeProject/node_modules/.bin:/home/viktor/Documents/git-hab/to-do-slabak/node_modules/.bin:/home/viktor/Documents/git-hab/node_modules/.bin:/home/viktor/Documents/node_modules/.bin:/home/viktor/node_modules/.bin:/home/node_modules/.bin:/node_modules/.bin:/usr/local/lib/node_modules/npm/node_modules/@npmcli/run-script/lib/node-gyp-bin:/usr/local/sbin:/usr/local/bin:/usr/sbin:/usr/bin:/sbin:/bin:/usr/games:/usr/local/games:/snap/bin

Yarn version: 
  1.22.15

Node version: 
  14.18.2

Platform: 
  linux x64

Trace: 
  Error: EACCES: permission denied, write
      at writeSync (fs.js:736:3)
      at SyncWriteStream._write (internal/fs/sync_write_stream.js:24:3)
      at writeOrBuffer (internal/streams/writable.js:358:12)
      at SyncWriteStream.Writable.write (internal/streams/writable.js:303:10)
      at ConsoleReporter._log (/snap/node/5638/lib/cli.js:96906:17)
      at ConsoleReporter.log (/snap/node/5638/lib/cli.js:96894:10)
      at dir (/snap/node/5638/lib/cli.js:36299:14)
      at Object.<anonymous> (/snap/node/5638/lib/cli.js:25983:25)
      at Generator.next (<anonymous>)
      at step (/snap/node/5638/lib/cli.js:310:30)

npm manifest: 
  {
    "name": "awesomeproject",
    "version": "1.0.0",
    "main": "node_modules/expo/AppEntry.js",
    "scripts": {
      "start": "expo start",
      "android": "expo start --android",
      "ios": "expo start --ios",
      "web": "expo start --web",
      "eject": "expo eject"
    },
    "dependencies": {
      "expo": "~44.0.0",
      "expo-status-bar": "~1.2.0",
      "react": "17.0.1",
      "react-dom": "17.0.1",
      "react-native": "0.64.3",
      "react-native-web": "0.17.1"
    },
    "devDependencies": {
      "@babel/core": "^7.12.9"
    },
    "private": true
  }

yarn manifest: 
  No manifest

Lockfile: 
  No lockfile
